<?xml version="1.0" encoding="UTF-8"?>
<!-- Generated by org.testng.reporters.JUnitReportReporter -->
<testsuite hostname="DESKTOP-9GHGL3I" failures="0" tests="1" name="test.Infinite_test" time="16.098" errors="0" timestamp="2024-04-05T09:33:54 GST" skipped="0">
  <testcase classname="test.Infinite_test" name="test" time="16.098"/>
</testsuite> <!-- test.Infinite_test -->
